Using pre-set license
Built from '2020.3/staging' branch; Version is '2020.3.13f1 (71691879b7f5) revision 7432472'; Using compiler version '192528614'; Build Type 'Release'
OS: 'Windows 10 Home; OS build 19044.1766; Version 2009; 64bit' Language: 'es' Physical Memory: 32600 MB
BatchMode: 1, IsHumanControllingUs: 0, StartBugReporterOnCrash: 0, Is64bit: 1, IsPro: 0

 COMMAND LINE ARGUMENTS:
D:\Program Files\Unity\2020.3.13f1\Editor\Unity.exe
-adb2
-batchMode
-noUpm
-name
AssetImportWorker0
-projectPath
D:/Users/denis/Desktop/Programming-Theory-Repo-Official
-logFile
Logs/AssetImportWorker0.log
-srvPort
53973
Successfully changed project path to: D:/Users/denis/Desktop/Programming-Theory-Repo-Official
D:/Users/denis/Desktop/Programming-Theory-Repo-Official
Using Asset Import Pipeline V2.
Refreshing native plugins compatible for Editor in 20.22 ms, found 2 plugins.
Preloading 0 native plugins for Editor in 0.00 ms.
Initialize engine version: 2020.3.13f1 (71691879b7f5)
[Subsystems] Discovering subsystems at path D:/Program Files/Unity/2020.3.13f1/Editor/Data/Resources/UnitySubsystems
[Subsystems] Discovering subsystems at path D:/Users/denis/Desktop/Programming-Theory-Repo-Official/Assets
GfxDevice: creating device client; threaded=0
Direct3D:
    Version:  Direct3D 11.0 [level 11.1]
    Renderer: NVIDIA GeForce RTX 3080 (ID=0x2206)
    Vendor:   
    VRAM:     10078 MB
    Driver:   31.0.15.1640
Initialize mono
Mono path[0] = 'D:/Program Files/Unity/2020.3.13f1/Editor/Data/Managed'
Mono path[1] = 'D:/Program Files/Unity/2020.3.13f1/Editor/Data/MonoBleedingEdge/lib/mono/unityjit'
Mono config path = 'D:/Program Files/Unity/2020.3.13f1/Editor/Data/MonoBleedingEdge/etc'
Using monoOptions --debugger-agent=transport=dt_socket,embedding=1,server=y,suspend=n,address=127.0.0.1:56940
Begin MonoManager ReloadAssembly
Registering precompiled unity dll's ...
Register platform support module: D:/Program Files/Unity/2020.3.13f1/Editor/Data/PlaybackEngines/WebGLSupport/UnityEditor.WebGL.Extensions.dll
Register platform support module: D:/Program Files/Unity/2020.3.13f1/Editor/Data/PlaybackEngines/WindowsStandaloneSupport/UnityEditor.WindowsStandalone.Extensions.dll
Registered in 0.001055 seconds.
Native extension for WindowsStandalone target not found
Native extension for WebGL target not found
Refreshing native plugins compatible for Editor in 20.70 ms, found 2 plugins.
Preloading 0 native plugins for Editor in 0.00 ms.
Mono: successfully reloaded assembly
- Completed reload, in  1.744 seconds
Platform modules already initialized, skipping
Registering precompiled user dll's ...
Registered in 0.002199 seconds.
Begin MonoManager ReloadAssembly
Native extension for WindowsStandalone target not found
Native extension for WebGL target not found
Refreshing native plugins compatible for Editor in 0.24 ms, found 2 plugins.
Preloading 0 native plugins for Editor in 0.00 ms.
Mono: successfully reloaded assembly
- Completed reload, in  0.597 seconds
Platform modules already initialized, skipping
========================================================================
Worker process is ready to serve import requests
Launched and connected shader compiler UnityShaderCompiler.exe after 0.03 seconds
Refreshing native plugins compatible for Editor in 0.23 ms, found 2 plugins.
Preloading 0 native plugins for Editor in 0.00 ms.
Unloading 1410 Unused Serialized files (Serialized files now loaded: 0)
System memory in use before: 67.4 MB.
System memory in use after: 67.5 MB.

Unloading 18 unused Assets to reduce memory usage. Loaded Objects now: 1845.
Total: 1.256700 ms (FindLiveObjects: 0.098100 ms CreateObjectMapping: 0.026600 ms MarkObjects: 1.085500 ms  DeleteObjects: 0.045800 ms)

AssetImportParameters requested are different than current active one (requested -> active):
  custom:framework-win-MediaFoundation: 216162199b28c13a410421893ffa2e32 -> 
  custom:video-decoder-ogg-theora: a1e56fd34408186e4bbccfd4996cb3dc -> 
  custom:container-muxer-webm: aa71ff27fc2769a1b78a27578f13a17b -> 
  custom:container-demuxer-webm: 4f35f7cbe854078d1ac9338744f61a02 -> 
  custom:container-demuxer-ogg: 62fdf1f143b41e24485cea50d1cbac27 -> 
  custom:video-encoder-webm-vp8: eb34c28f22e8b96e1ab97ce403110664 -> 
  custom:video-codec-MediaFoundation-h265: 746d11721c4dcdbdad8f713fa42b33f4 -> 
  custom:video-decoder-webm-vp8: 9c59270c3fd7afecdb556c50c9e8de78 -> 
  custom:audio-decoder-ogg-vorbis: bf7c407c2cedff20999df2af8eb42d56 -> 
  custom:audio-encoder-webm-vorbis: bf7c407c2cedff20999df2af8eb42d56 -> 
========================================================================
Received Import Request.
  path: Assets/Scripts/Shapes
  artifactKey: Guid(9180f9cbfb631fd4c99c4aa146f069bd) Importer(815301076,1909f56bfc062723c751e8b465ee728b)
Start importing Assets/Scripts/Shapes using Guid(9180f9cbfb631fd4c99c4aa146f069bd) Importer(815301076,1909f56bfc062723c751e8b465ee728b)  -> (artifact id: '0cbc7b73fd37e7e2f65f3b367694a942') in 0.006470 seconds 
  Import took 0.008117 seconds .

========================================================================
Received Import Request.
  Time since last request: 0.645048 seconds.
  path: Assets/Scripts/Shapes/Shape.cs
  artifactKey: Guid(abab869ec8fb0e342aea3b829c3ddca9) Importer(815301076,1909f56bfc062723c751e8b465ee728b)
Start importing Assets/Scripts/Shapes/Shape.cs using Guid(abab869ec8fb0e342aea3b829c3ddca9) Importer(815301076,1909f56bfc062723c751e8b465ee728b)  -> (artifact id: '9fb3442ca866e26c6b196f1cf3adf63e') in 0.011675 seconds 
  Import took 0.013452 seconds .

========================================================================
Received Import Request.
  Time since last request: 0.009969 seconds.
  path: Assets/Scripts/Shapes/Shape.cs
  artifactKey: Guid(abab869ec8fb0e342aea3b829c3ddca9) Importer(815301076,1909f56bfc062723c751e8b465ee728b)
Start importing Assets/Scripts/Shapes/Shape.cs using Guid(abab869ec8fb0e342aea3b829c3ddca9) Importer(815301076,1909f56bfc062723c751e8b465ee728b)  -> (artifact id: '9fb3442ca866e26c6b196f1cf3adf63e') in 0.001725 seconds 
  Import took 0.003572 seconds .

========================================================================
Received Import Request.
  Time since last request: 5.286937 seconds.
  path: Assets/Scripts/Shapes/Capsule_Shape.cs
  artifactKey: Guid(7fe9277583168bd4993ea5ba202d575e) Importer(815301076,1909f56bfc062723c751e8b465ee728b)
Start importing Assets/Scripts/Shapes/Capsule_Shape.cs using Guid(7fe9277583168bd4993ea5ba202d575e) Importer(815301076,1909f56bfc062723c751e8b465ee728b)  -> (artifact id: 'a8d2cae55632b4bb1dec910f8e7e1c53') in 0.001953 seconds 
  Import took 0.003603 seconds .

========================================================================
Received Import Request.
  Time since last request: 0.000547 seconds.
  path: Assets/Scripts/Shapes/Capsule_Shape.cs
  artifactKey: Guid(7fe9277583168bd4993ea5ba202d575e) Importer(815301076,1909f56bfc062723c751e8b465ee728b)
Start importing Assets/Scripts/Shapes/Capsule_Shape.cs using Guid(7fe9277583168bd4993ea5ba202d575e) Importer(815301076,1909f56bfc062723c751e8b465ee728b)  -> (artifact id: 'a8d2cae55632b4bb1dec910f8e7e1c53') in 0.002156 seconds 
  Import took 0.003960 seconds .

========================================================================
Received Import Request.
  Time since last request: 2.091314 seconds.
  path: Assets/Scripts/Shapes/Cube_Shape.cs
  artifactKey: Guid(142faa21ecf490347aa5d522acd42b91) Importer(815301076,1909f56bfc062723c751e8b465ee728b)
Start importing Assets/Scripts/Shapes/Cube_Shape.cs using Guid(142faa21ecf490347aa5d522acd42b91) Importer(815301076,1909f56bfc062723c751e8b465ee728b)  -> (artifact id: '6cf52a76f3ecd5214a76f7fc9195ec86') in 0.001960 seconds 
  Import took 0.003624 seconds .

========================================================================
Received Import Request.
  Time since last request: 1.614202 seconds.
  path: Assets/Scripts/Shapes/Sphere_Shape.cs
  artifactKey: Guid(20db93f0fc1c62a44851110e89d6cd72) Importer(815301076,1909f56bfc062723c751e8b465ee728b)
Start importing Assets/Scripts/Shapes/Sphere_Shape.cs using Guid(20db93f0fc1c62a44851110e89d6cd72) Importer(815301076,1909f56bfc062723c751e8b465ee728b)  -> (artifact id: 'e38ab455da06f7c0e6f119a65c21a6f8') in 0.001708 seconds 
  Import took 0.003412 seconds .

========================================================================
Received Prepare
Registering precompiled user dll's ...
Registered in 0.002300 seconds.
Begin MonoManager ReloadAssembly
Native extension for WindowsStandalone target not found
Native extension for WebGL target not found
Refreshing native plugins compatible for Editor in 0.25 ms, found 2 plugins.
Preloading 0 native plugins for Editor in 0.00 ms.
Mono: successfully reloaded assembly
- Completed reload, in  0.606 seconds
Platform modules already initialized, skipping
Refreshing native plugins compatible for Editor in 0.24 ms, found 2 plugins.
Preloading 0 native plugins for Editor in 0.00 ms.
Unloading 1391 Unused Serialized files (Serialized files now loaded: 0)
System memory in use before: 66.0 MB.
System memory in use after: 66.1 MB.

Unloading 13 unused Assets to reduce memory usage. Loaded Objects now: 1847.
Total: 1.259700 ms (FindLiveObjects: 0.100200 ms CreateObjectMapping: 0.027200 ms MarkObjects: 1.119200 ms  DeleteObjects: 0.012300 ms)

AssetImportParameters requested are different than current active one (requested -> active):
  custom:framework-win-MediaFoundation: 216162199b28c13a410421893ffa2e32 -> 
  custom:video-decoder-ogg-theora: a1e56fd34408186e4bbccfd4996cb3dc -> 
  custom:container-muxer-webm: aa71ff27fc2769a1b78a27578f13a17b -> 
  custom:container-demuxer-webm: 4f35f7cbe854078d1ac9338744f61a02 -> 
  custom:container-demuxer-ogg: 62fdf1f143b41e24485cea50d1cbac27 -> 
  custom:video-encoder-webm-vp8: eb34c28f22e8b96e1ab97ce403110664 -> 
  custom:video-codec-MediaFoundation-h265: 746d11721c4dcdbdad8f713fa42b33f4 -> 
  custom:video-decoder-webm-vp8: 9c59270c3fd7afecdb556c50c9e8de78 -> 
  custom:audio-decoder-ogg-vorbis: bf7c407c2cedff20999df2af8eb42d56 -> 
  custom:audio-encoder-webm-vorbis: bf7c407c2cedff20999df2af8eb42d56 -> 
========================================================================
Received Import Request.
  Time since last request: 138.827861 seconds.
  path: Assets/Scripts/Shapes/Sphere_Shape.cs
  artifactKey: Guid(20db93f0fc1c62a44851110e89d6cd72) Importer(815301076,1909f56bfc062723c751e8b465ee728b)
Start importing Assets/Scripts/Shapes/Sphere_Shape.cs using Guid(20db93f0fc1c62a44851110e89d6cd72) Importer(815301076,1909f56bfc062723c751e8b465ee728b)  -> (artifact id: 'b0921592e1c3f3b458af9b4097ebcadc') in 0.003425 seconds 
  Import took 0.005052 seconds .

